EDA Netlist Writer report for lab6_BF
Sun Nov 06 15:20:18 2016
Quartus Prime Version 16.0.0 Build 211 04/27/2016 SJ Lite Edition


---------------------
; Table of Contents ;
---------------------
  1. Legal Notice
  2. EDA Netlist Writer Summary
  3. Simulation Settings
  4. Simulation Generated Files
  5. EDA Netlist Writer Messages



----------------
; Legal Notice ;
----------------
Copyright (C) 1991-2016 Altera Corporation. All rights reserved.
Your use of Altera Corporation's design tools, logic functions 
and other software and tools, and its AMPP partner logic 
functions, and any output files from any of the foregoing 
(including device programming or simulation files), and any 
associated documentation or information are expressly subject 
to the terms and conditions of the Altera Program License 
Subscription Agreement, the Altera Quartus Prime License Agreement,
the Altera MegaCore Function License Agreement, or other 
applicable license agreement, including, without limitation, 
that your use is for the sole purpose of programming logic 
devices manufactured by Altera and sold by Altera or its 
authorized distributors.  Please refer to the applicable 
agreement for further details.



+-------------------------------------------------------------------+
; EDA Netlist Writer Summary                                        ;
+---------------------------+---------------------------------------+
; EDA Netlist Writer Status ; Successful - Sun Nov 06 15:20:18 2016 ;
; Revision Name             ; lab6_BF                               ;
; Top-level Entity Name     ; lab6_BF                               ;
; Family                    ; Cyclone IV E                          ;
; Simulation Files Creation ; Successful                            ;
+---------------------------+---------------------------------------+


+-------------------------------------------------------------------------------------------------------------------------------------+
; Simulation Settings                                                                                                                 ;
+---------------------------------------------------------------------------------------------------+---------------------------------+
; Option                                                                                            ; Setting                         ;
+---------------------------------------------------------------------------------------------------+---------------------------------+
; Tool Name                                                                                         ; ModelSim-Altera (SystemVerilog) ;
; Generate functional simulation netlist                                                            ; Off                             ;
; Time scale                                                                                        ; 1 ps                            ;
; Truncate long hierarchy paths                                                                     ; Off                             ;
; Map illegal HDL characters                                                                        ; Off                             ;
; Flatten buses into individual nodes                                                               ; Off                             ;
; Maintain hierarchy                                                                                ; Off                             ;
; Bring out device-wide set/reset signals as ports                                                  ; Off                             ;
; Enable glitch filtering                                                                           ; Off                             ;
; Do not write top level VHDL entity                                                                ; Off                             ;
; Disable detection of setup and hold time violations in the input registers of bi-directional pins ; Off                             ;
; Architecture name in VHDL output netlist                                                          ; structure                       ;
; Generate third-party EDA tool command script for RTL functional simulation                        ; Off                             ;
; Generate third-party EDA tool command script for gate-level simulation                            ; Off                             ;
+---------------------------------------------------------------------------------------------------+---------------------------------+


+---------------------------------------------------------------------------------------------------------------------------------------+
; Simulation Generated Files                                                                                                            ;
+---------------------------------------------------------------------------------------------------------------------------------------+
; Generated Files                                                                                                                       ;
+---------------------------------------------------------------------------------------------------------------------------------------+
; C:/Users/bfaure/Files/School/Fall 2016/Digital System Design/Simulations/lab6_BF/simulation/modelsim/lab6_BF_7_1200mv_85c_slow.svo    ;
; C:/Users/bfaure/Files/School/Fall 2016/Digital System Design/Simulations/lab6_BF/simulation/modelsim/lab6_BF_7_1200mv_0c_slow.svo     ;
; C:/Users/bfaure/Files/School/Fall 2016/Digital System Design/Simulations/lab6_BF/simulation/modelsim/lab6_BF_min_1200mv_0c_fast.svo   ;
; C:/Users/bfaure/Files/School/Fall 2016/Digital System Design/Simulations/lab6_BF/simulation/modelsim/lab6_BF.svo                      ;
; C:/Users/bfaure/Files/School/Fall 2016/Digital System Design/Simulations/lab6_BF/simulation/modelsim/lab6_BF_7_1200mv_85c_v_slow.sdo  ;
; C:/Users/bfaure/Files/School/Fall 2016/Digital System Design/Simulations/lab6_BF/simulation/modelsim/lab6_BF_7_1200mv_0c_v_slow.sdo   ;
; C:/Users/bfaure/Files/School/Fall 2016/Digital System Design/Simulations/lab6_BF/simulation/modelsim/lab6_BF_min_1200mv_0c_v_fast.sdo ;
; C:/Users/bfaure/Files/School/Fall 2016/Digital System Design/Simulations/lab6_BF/simulation/modelsim/lab6_BF_v.sdo                    ;
+---------------------------------------------------------------------------------------------------------------------------------------+


+-----------------------------+
; EDA Netlist Writer Messages ;
+-----------------------------+
Info: *******************************************************************
Info: Running Quartus Prime EDA Netlist Writer
    Info: Version 16.0.0 Build 211 04/27/2016 SJ Lite Edition
    Info: Processing started: Sun Nov 06 15:20:17 2016
Info: Command: quartus_eda --read_settings_files=off --write_settings_files=off lab6_BF -c lab6_BF
Info (204019): Generated file lab6_BF_7_1200mv_85c_slow.svo in folder "C:/Users/bfaure/Files/School/Fall 2016/Digital System Design/Simulations/lab6_BF/simulation/modelsim/" for EDA simulation tool
Info (204019): Generated file lab6_BF_7_1200mv_0c_slow.svo in folder "C:/Users/bfaure/Files/School/Fall 2016/Digital System Design/Simulations/lab6_BF/simulation/modelsim/" for EDA simulation tool
Info (204019): Generated file lab6_BF_min_1200mv_0c_fast.svo in folder "C:/Users/bfaure/Files/School/Fall 2016/Digital System Design/Simulations/lab6_BF/simulation/modelsim/" for EDA simulation tool
Info (204019): Generated file lab6_BF.svo in folder "C:/Users/bfaure/Files/School/Fall 2016/Digital System Design/Simulations/lab6_BF/simulation/modelsim/" for EDA simulation tool
Info (204019): Generated file lab6_BF_7_1200mv_85c_v_slow.sdo in folder "C:/Users/bfaure/Files/School/Fall 2016/Digital System Design/Simulations/lab6_BF/simulation/modelsim/" for EDA simulation tool
Info (204019): Generated file lab6_BF_7_1200mv_0c_v_slow.sdo in folder "C:/Users/bfaure/Files/School/Fall 2016/Digital System Design/Simulations/lab6_BF/simulation/modelsim/" for EDA simulation tool
Info (204019): Generated file lab6_BF_min_1200mv_0c_v_fast.sdo in folder "C:/Users/bfaure/Files/School/Fall 2016/Digital System Design/Simulations/lab6_BF/simulation/modelsim/" for EDA simulation tool
Info (204019): Generated file lab6_BF_v.sdo in folder "C:/Users/bfaure/Files/School/Fall 2016/Digital System Design/Simulations/lab6_BF/simulation/modelsim/" for EDA simulation tool
Info: Quartus Prime EDA Netlist Writer was successful. 0 errors, 0 warnings
    Info: Peak virtual memory: 744 megabytes
    Info: Processing ended: Sun Nov 06 15:20:18 2016
    Info: Elapsed time: 00:00:01
    Info: Total CPU time (on all processors): 00:00:01


